starter/app/build_0/intermediates/manifest_merge_blame_file/debug/manifest-merger-blame-debug-report_0.txt
1<?xml version="1.0" encoding="utf-8"?>
2<manifest xmlns:android="http://schemas.android.com/apk/res/android"
3    package="com.udacity.project4"
4    android:versionCode="1"
5    android:versionName="1.0" >
6
7    <uses-sdk
8        android:minSdkVersion="16"
8-->src\main\AndroidManifest.xml
9        android:targetSdkVersion="30" />
9-->src\main\AndroidManifest.xml
10    <!--
11         The ACCESS_COARSE/FINE_LOCATION permissions are not required to use
12         Google Maps Android API v2, but you must specify either coarse or fine
13         location permissions for the 'MyLocation' functionality.
14    -->
15    <uses-permission android:name="android.permission.ACCESS_FINE_LOCATION" />
15-->src\main\AndroidManifest.xml:9:5-79
15-->src\main\AndroidManifest.xml:9:22-76
16    <!-- The BACKGROUND_LOCATION permission is required for geofencing functionality to work on Q+ -->
17    <uses-permission android:name="android.permission.ACCESS_BACKGROUND_LOCATION" />
17-->src\main\AndroidManifest.xml:11:5-85
17-->src\main\AndroidManifest.xml:11:22-82
18    <uses-permission android:name="android.permission.INTERNET" />
18-->src\main\AndroidManifest.xml:13:5-67
18-->src\main\AndroidManifest.xml:13:22-64
19    <uses-permission android:name="android.permission.WAKE_LOCK" />
19-->src\main\AndroidManifest.xml:15:5-68
19-->src\main\AndroidManifest.xml:15:22-65
20    <uses-permission android:name="android.permission.ACCESS_NETWORK_STATE" />
20-->[com.firebaseui:firebase-ui-auth:5.0.0] AndroidManifest.xml:12:5-79
20-->[com.firebaseui:firebase-ui-auth:5.0.0] AndroidManifest.xml:12:22-76
21    <uses-permission android:name="android.permission.REORDER_TASKS" />
21-->[androidx.fragment:fragment-testing:1.1.0-alpha07] AndroidManifest.xml:24:5-72
21-->[androidx.fragment:fragment-testing:1.1.0-alpha07] AndroidManifest.xml:24:22-69
22
23    <uses-feature
23-->[com.google.android.gms:play-services-maps:17.0.0] AndroidManifest.xml:26:5-28:35
24        android:glEsVersion="0x00020000"
24-->[com.google.android.gms:play-services-maps:17.0.0] AndroidManifest.xml:27:9-41
25        android:required="true" />
25-->[com.google.android.gms:play-services-maps:17.0.0] AndroidManifest.xml:28:9-32
26
27    <application
27-->src\main\AndroidManifest.xml:17:5-57:19
28        android:name="com.udacity.project4.MyApp"
28-->src\main\AndroidManifest.xml:18:9-30
29        android:allowBackup="true"
29-->src\main\AndroidManifest.xml:19:9-35
30        android:appComponentFactory="androidx.core.app.CoreComponentFactory"
30-->[androidx.core:core:1.3.0] AndroidManifest.xml:24:18-86
31        android:debuggable="true"
32        android:icon="@mipmap/ic_launcher"
32-->src\main\AndroidManifest.xml:20:9-43
33        android:label="@string/app_name"
33-->src\main\AndroidManifest.xml:21:9-41
34        android:roundIcon="@mipmap/ic_launcher_round"
34-->src\main\AndroidManifest.xml:22:9-54
35        android:supportsRtl="false"
35-->src\main\AndroidManifest.xml:23:9-36
36        android:testOnly="true"
37        android:theme="@style/AppTheme" >
37-->src\main\AndroidManifest.xml:24:9-40
38        <activity android:name="com.udacity.project4.locationreminders.ReminderDescriptionActivity" />
38-->src\main\AndroidManifest.xml:25:9-83
38-->src\main\AndroidManifest.xml:25:19-80
39        <!--
40             The API key for Google Maps-based APIs is defined as a string resource.
41             (See the file "res/values/google_maps_api.xml").
42             Note that the API key is linked to the encryption key used to sign the APK.
43             You need a different API key for each encryption key, including the release key that is used to
44             sign the APK for publishing.
45             You can define the keys for the debug and release targets in src/debug/ and src/release/.
46        -->
47        <meta-data
47-->src\main\AndroidManifest.xml:34:9-36:55
48            android:name="com.google.android.geo.API_KEY"
48-->src\main\AndroidManifest.xml:35:13-58
49            android:value="@string/google_maps_key" />
49-->src\main\AndroidManifest.xml:36:13-52
50
51        <activity android:name="com.udacity.project4.locationreminders.RemindersActivity" >
51-->src\main\AndroidManifest.xml:39:9-40:20
51-->src\main\AndroidManifest.xml:39:19-70
52        </activity>
53        <activity android:name="com.udacity.project4.authentication.AuthenticationActivity" >
53-->src\main\AndroidManifest.xml:41:9-48:20
53-->src\main\AndroidManifest.xml:41:19-72
54            <intent-filter>
54-->src\main\AndroidManifest.xml:42:13-46:29
55                <action android:name="android.intent.action.MAIN" />
55-->src\main\AndroidManifest.xml:43:17-69
55-->src\main\AndroidManifest.xml:43:25-66
56
57                <category android:name="android.intent.category.LAUNCHER" />
57-->src\main\AndroidManifest.xml:45:17-77
57-->src\main\AndroidManifest.xml:45:27-74
58            </intent-filter>
59        </activity>
60
61        <receiver
61-->src\main\AndroidManifest.xml:49:9-52:39
62            android:name="com.udacity.project4.locationreminders.geofence.GeofenceBroadcastReceiver"
62-->src\main\AndroidManifest.xml:50:13-81
63            android:enabled="true"
63-->src\main\AndroidManifest.xml:51:13-35
64            android:exported="true" />
64-->src\main\AndroidManifest.xml:52:13-36
65
66        <service
66-->src\main\AndroidManifest.xml:53:9-56:72
67            android:name="com.udacity.project4.locationreminders.geofence.GeofenceTransitionsJobIntentService"
67-->src\main\AndroidManifest.xml:54:13-91
68            android:exported="true"
68-->src\main\AndroidManifest.xml:55:13-36
69            android:permission="android.permission.BIND_JOB_SERVICE" />
69-->src\main\AndroidManifest.xml:56:13-69
70
71        <meta-data
71-->[com.firebaseui:firebase-ui-auth:5.0.0] AndroidManifest.xml:16:9-18:69
72            android:name="com.google.android.gms.version"
72-->[com.firebaseui:firebase-ui-auth:5.0.0] AndroidManifest.xml:17:13-58
73            android:value="@integer/google_play_services_version" />
73-->[com.firebaseui:firebase-ui-auth:5.0.0] AndroidManifest.xml:18:13-66
74        <meta-data
74-->[com.firebaseui:firebase-ui-auth:5.0.0] AndroidManifest.xml:19:9-21:63
75            android:name="com.facebook.sdk.ApplicationId"
75-->[com.firebaseui:firebase-ui-auth:5.0.0] AndroidManifest.xml:20:13-58
76            android:value="@string/facebook_application_id" />
76-->[com.firebaseui:firebase-ui-auth:5.0.0] AndroidManifest.xml:21:13-60
77
78        <activity
78-->[com.firebaseui:firebase-ui-auth:5.0.0] AndroidManifest.xml:23:9-27:61
79            android:name="com.firebase.ui.auth.KickoffActivity"
79-->[com.firebaseui:firebase-ui-auth:5.0.0] AndroidManifest.xml:24:13-64
80            android:exported="false"
80-->[com.firebaseui:firebase-ui-auth:5.0.0] AndroidManifest.xml:25:13-37
81            android:label=""
81-->[com.firebaseui:firebase-ui-auth:5.0.0] AndroidManifest.xml:26:13-29
82            android:theme="@style/FirebaseUI.Transparent" />
82-->[com.firebaseui:firebase-ui-auth:5.0.0] AndroidManifest.xml:27:13-58
83        <activity
83-->[com.firebaseui:firebase-ui-auth:5.0.0] AndroidManifest.xml:28:9-32:61
84            android:name="com.firebase.ui.auth.ui.idp.SingleSignInActivity"
84-->[com.firebaseui:firebase-ui-auth:5.0.0] AndroidManifest.xml:29:13-76
85            android:exported="false"
85-->[com.firebaseui:firebase-ui-auth:5.0.0] AndroidManifest.xml:30:13-37
86            android:label=""
86-->[com.firebaseui:firebase-ui-auth:5.0.0] AndroidManifest.xml:31:13-29
87            android:theme="@style/FirebaseUI.Transparent" />
87-->[com.firebaseui:firebase-ui-auth:5.0.0] AndroidManifest.xml:32:13-58
88        <activity
88-->[com.firebaseui:firebase-ui-auth:5.0.0] AndroidManifest.xml:33:9-37:61
89            android:name="com.firebase.ui.auth.ui.credentials.CredentialSaveActivity"
89-->[com.firebaseui:firebase-ui-auth:5.0.0] AndroidManifest.xml:34:13-86
90            android:exported="false"
90-->[com.firebaseui:firebase-ui-auth:5.0.0] AndroidManifest.xml:35:13-37
91            android:label=""
91-->[com.firebaseui:firebase-ui-auth:5.0.0] AndroidManifest.xml:36:13-29
92            android:theme="@style/FirebaseUI.Transparent" />
92-->[com.firebaseui:firebase-ui-auth:5.0.0] AndroidManifest.xml:37:13-58
93        <activity
93-->[com.firebaseui:firebase-ui-auth:5.0.0] AndroidManifest.xml:38:9-42:58
94            android:name="com.firebase.ui.auth.ui.email.RecoverPasswordActivity"
94-->[com.firebaseui:firebase-ui-auth:5.0.0] AndroidManifest.xml:39:13-81
95            android:exported="false"
95-->[com.firebaseui:firebase-ui-auth:5.0.0] AndroidManifest.xml:40:13-37
96            android:label="@string/fui_title_recover_password_activity"
96-->[com.firebaseui:firebase-ui-auth:5.0.0] AndroidManifest.xml:41:13-72
97            android:windowSoftInputMode="adjustResize" />
97-->[com.firebaseui:firebase-ui-auth:5.0.0] AndroidManifest.xml:42:13-55
98        <activity
98-->[com.firebaseui:firebase-ui-auth:5.0.0] AndroidManifest.xml:43:9-47:58
99            android:name="com.firebase.ui.auth.ui.email.EmailActivity"
99-->[com.firebaseui:firebase-ui-auth:5.0.0] AndroidManifest.xml:44:13-71
100            android:exported="false"
100-->[com.firebaseui:firebase-ui-auth:5.0.0] AndroidManifest.xml:45:13-37
101            android:label="@string/fui_sign_in_default"
101-->[com.firebaseui:firebase-ui-auth:5.0.0] AndroidManifest.xml:46:13-56
102            android:windowSoftInputMode="adjustResize" />
102-->[com.firebaseui:firebase-ui-auth:5.0.0] AndroidManifest.xml:47:13-55
103        <activity
103-->[com.firebaseui:firebase-ui-auth:5.0.0] AndroidManifest.xml:48:9-52:77
104            android:name="com.firebase.ui.auth.ui.phone.PhoneActivity"
104-->[com.firebaseui:firebase-ui-auth:5.0.0] AndroidManifest.xml:49:13-71
105            android:exported="false"
105-->[com.firebaseui:firebase-ui-auth:5.0.0] AndroidManifest.xml:50:13-37
106            android:label="@string/fui_sign_in_with_phone_number"
106-->[com.firebaseui:firebase-ui-auth:5.0.0] AndroidManifest.xml:51:13-66
107            android:windowSoftInputMode="adjustResize|stateAlwaysVisible" />
107-->[com.firebaseui:firebase-ui-auth:5.0.0] AndroidManifest.xml:52:13-74
108        <activity
108-->[com.firebaseui:firebase-ui-auth:5.0.0] AndroidManifest.xml:53:9-57:58
109            android:name="com.firebase.ui.auth.ui.idp.WelcomeBackIdpPrompt"
109-->[com.firebaseui:firebase-ui-auth:5.0.0] AndroidManifest.xml:54:13-76
110            android:exported="false"
110-->[com.firebaseui:firebase-ui-auth:5.0.0] AndroidManifest.xml:55:13-37
111            android:label="@string/fui_title_welcome_back_idp_prompt"
111-->[com.firebaseui:firebase-ui-auth:5.0.0] AndroidManifest.xml:56:13-70
112            android:windowSoftInputMode="adjustResize" />
112-->[com.firebaseui:firebase-ui-auth:5.0.0] AndroidManifest.xml:57:13-55
113        <activity
113-->[com.firebaseui:firebase-ui-auth:5.0.0] AndroidManifest.xml:58:9-62:58
114            android:name="com.firebase.ui.auth.ui.email.WelcomeBackPasswordPrompt"
114-->[com.firebaseui:firebase-ui-auth:5.0.0] AndroidManifest.xml:59:13-83
115            android:exported="false"
115-->[com.firebaseui:firebase-ui-auth:5.0.0] AndroidManifest.xml:60:13-37
116            android:label="@string/fui_title_welcome_back_password_prompt"
116-->[com.firebaseui:firebase-ui-auth:5.0.0] AndroidManifest.xml:61:13-75
117            android:windowSoftInputMode="adjustResize" />
117-->[com.firebaseui:firebase-ui-auth:5.0.0] AndroidManifest.xml:62:13-55
118        <activity
118-->[com.firebaseui:firebase-ui-auth:5.0.0] AndroidManifest.xml:63:9-67:58
119            android:name="com.firebase.ui.auth.ui.email.WelcomeBackEmailLinkPrompt"
119-->[com.firebaseui:firebase-ui-auth:5.0.0] AndroidManifest.xml:64:13-84
120            android:exported="false"
120-->[com.firebaseui:firebase-ui-auth:5.0.0] AndroidManifest.xml:65:13-37
121            android:label="@string/fui_title_welcome_back_password_prompt"
121-->[com.firebaseui:firebase-ui-auth:5.0.0] AndroidManifest.xml:66:13-75
122            android:windowSoftInputMode="adjustResize" />
122-->[com.firebaseui:firebase-ui-auth:5.0.0] AndroidManifest.xml:67:13-55
123        <activity
123-->[com.firebaseui:firebase-ui-auth:5.0.0] AndroidManifest.xml:68:9-73:58
124            android:name="com.firebase.ui.auth.ui.email.EmailLinkCatcherActivity"
124-->[com.firebaseui:firebase-ui-auth:5.0.0] AndroidManifest.xml:69:13-82
125            android:exported="false"
125-->[com.firebaseui:firebase-ui-auth:5.0.0] AndroidManifest.xml:70:13-37
126            android:label=""
126-->[com.firebaseui:firebase-ui-auth:5.0.0] AndroidManifest.xml:71:13-29
127            android:theme="@style/FirebaseUI.Transparent"
127-->[com.firebaseui:firebase-ui-auth:5.0.0] AndroidManifest.xml:72:13-58
128            android:windowSoftInputMode="adjustResize" />
128-->[com.firebaseui:firebase-ui-auth:5.0.0] AndroidManifest.xml:73:13-55
129        <activity
129-->[com.firebaseui:firebase-ui-auth:5.0.0] AndroidManifest.xml:74:9-78:58
130            android:name="com.firebase.ui.auth.ui.email.EmailLinkErrorRecoveryActivity"
130-->[com.firebaseui:firebase-ui-auth:5.0.0] AndroidManifest.xml:75:13-88
131            android:exported="false"
131-->[com.firebaseui:firebase-ui-auth:5.0.0] AndroidManifest.xml:76:13-37
132            android:label="@string/fui_sign_in_default"
132-->[com.firebaseui:firebase-ui-auth:5.0.0] AndroidManifest.xml:77:13-56
133            android:windowSoftInputMode="adjustResize" />
133-->[com.firebaseui:firebase-ui-auth:5.0.0] AndroidManifest.xml:78:13-55
134        <activity
134-->[com.firebaseui:firebase-ui-auth:5.0.0] AndroidManifest.xml:79:9-82:65
135            android:name="com.firebase.ui.auth.ui.idp.AuthMethodPickerActivity"
135-->[com.firebaseui:firebase-ui-auth:5.0.0] AndroidManifest.xml:80:13-80
136            android:exported="false"
136-->[com.firebaseui:firebase-ui-auth:5.0.0] AndroidManifest.xml:81:13-37
137            android:label="@string/fui_default_toolbar_title" />
137-->[com.firebaseui:firebase-ui-auth:5.0.0] AndroidManifest.xml:82:13-62
138        <activity
138-->[com.firebaseui:firebase-ui-auth:5.0.0] AndroidManifest.xml:83:9-87:48
139            android:name="com.facebook.FacebookActivity"
139-->[com.firebaseui:firebase-ui-auth:5.0.0] AndroidManifest.xml:84:13-57
140            android:configChanges="keyboard|keyboardHidden|screenLayout|screenSize|orientation"
140-->[com.firebaseui:firebase-ui-auth:5.0.0] AndroidManifest.xml:85:13-96
141            android:label="@string/app_name" />
141-->[com.firebaseui:firebase-ui-auth:5.0.0] AndroidManifest.xml:86:13-45
142        <activity
142-->[com.firebaseui:firebase-ui-auth:5.0.0] AndroidManifest.xml:88:9-100:20
143            android:name="com.facebook.CustomTabActivity"
143-->[com.firebaseui:firebase-ui-auth:5.0.0] AndroidManifest.xml:89:13-58
144            android:exported="true" >
144-->[com.firebaseui:firebase-ui-auth:5.0.0] AndroidManifest.xml:90:13-36
145            <intent-filter>
145-->[com.firebaseui:firebase-ui-auth:5.0.0] AndroidManifest.xml:92:13-99:29
146                <action android:name="android.intent.action.VIEW" />
146-->[com.firebaseui:firebase-ui-auth:5.0.0] AndroidManifest.xml:93:17-69
146-->[com.firebaseui:firebase-ui-auth:5.0.0] AndroidManifest.xml:93:25-66
147
148                <category android:name="android.intent.category.DEFAULT" />
148-->[com.firebaseui:firebase-ui-auth:5.0.0] AndroidManifest.xml:95:17-76
148-->[com.firebaseui:firebase-ui-auth:5.0.0] AndroidManifest.xml:95:27-73
149                <category android:name="android.intent.category.BROWSABLE" />
149-->[com.firebaseui:firebase-ui-auth:5.0.0] AndroidManifest.xml:96:17-78
149-->[com.firebaseui:firebase-ui-auth:5.0.0] AndroidManifest.xml:96:27-75
150
151                <data android:scheme="@string/facebook_login_protocol_scheme" />
151-->[com.firebaseui:firebase-ui-auth:5.0.0] AndroidManifest.xml:98:17-81
151-->[com.firebaseui:firebase-ui-auth:5.0.0] AndroidManifest.xml:98:23-78
152            </intent-filter>
153        </activity>
154
155        <provider
155-->[com.firebaseui:firebase-ui-auth:5.0.0] AndroidManifest.xml:102:9-106:38
156            android:name="com.firebase.ui.auth.data.client.AuthUiInitProvider"
156-->[com.firebaseui:firebase-ui-auth:5.0.0] AndroidManifest.xml:103:13-79
157            android:authorities="com.udacity.project4.authuiinitprovider"
157-->[com.firebaseui:firebase-ui-auth:5.0.0] AndroidManifest.xml:104:13-70
158            android:exported="false"
158-->[com.firebaseui:firebase-ui-auth:5.0.0] AndroidManifest.xml:105:13-37
159            android:initOrder="90" />
159-->[com.firebaseui:firebase-ui-auth:5.0.0] AndroidManifest.xml:106:13-35
160
161        <activity
161-->[androidx.fragment:fragment-testing:1.1.0-alpha07] AndroidManifest.xml:27:9-36:20
162            android:name="androidx.fragment.app.testing.FragmentScenario$EmptyFragmentActivity"
162-->[androidx.fragment:fragment-testing:1.1.0-alpha07] AndroidManifest.xml:28:13-96
163            android:exported="true"
163-->[androidx.fragment:fragment-testing:1.1.0-alpha07] AndroidManifest.xml:29:13-36
164            android:multiprocess="true"
164-->[androidx.fragment:fragment-testing:1.1.0-alpha07] AndroidManifest.xml:30:13-40
165            android:taskAffinity=""
165-->[androidx.fragment:fragment-testing:1.1.0-alpha07] AndroidManifest.xml:31:13-36
166            android:theme="@style/FragmentScenarioEmptyFragmentActivityTheme" >
166-->[androidx.fragment:fragment-testing:1.1.0-alpha07] AndroidManifest.xml:32:13-78
167            <intent-filter>
167-->[androidx.fragment:fragment-testing:1.1.0-alpha07] AndroidManifest.xml:33:13-35:29
168                <action android:name="android.intent.action.MAIN" />
168-->src\main\AndroidManifest.xml:43:17-69
168-->src\main\AndroidManifest.xml:43:25-66
169            </intent-filter>
170        </activity>
171        <activity
171-->[androidx.test:core:1.2.0-beta01] AndroidManifest.xml:27:9-33:20
172            android:name="androidx.test.core.app.InstrumentationActivityInvoker$BootstrapActivity"
172-->[androidx.test:core:1.2.0-beta01] AndroidManifest.xml:28:13-99
173            android:theme="@android:style/Theme" >
173-->[androidx.test:core:1.2.0-beta01] AndroidManifest.xml:29:13-49
174            <intent-filter>
174-->[androidx.fragment:fragment-testing:1.1.0-alpha07] AndroidManifest.xml:33:13-35:29
175                <action android:name="android.intent.action.MAIN" />
175-->src\main\AndroidManifest.xml:43:17-69
175-->src\main\AndroidManifest.xml:43:25-66
176            </intent-filter>
177        </activity>
178        <activity
178-->[androidx.test:core:1.2.0-beta01] AndroidManifest.xml:34:9-40:20
179            android:name="androidx.test.core.app.InstrumentationActivityInvoker$EmptyActivity"
179-->[androidx.test:core:1.2.0-beta01] AndroidManifest.xml:35:13-95
180            android:theme="@android:style/Theme" >
180-->[androidx.test:core:1.2.0-beta01] AndroidManifest.xml:36:13-49
181            <intent-filter>
181-->[androidx.fragment:fragment-testing:1.1.0-alpha07] AndroidManifest.xml:33:13-35:29
182                <action android:name="android.intent.action.MAIN" />
182-->src\main\AndroidManifest.xml:43:17-69
182-->src\main\AndroidManifest.xml:43:25-66
183            </intent-filter>
184        </activity>
185        <activity
185-->[androidx.test:core:1.2.0-beta01] AndroidManifest.xml:41:9-47:20
186            android:name="androidx.test.core.app.InstrumentationActivityInvoker$EmptyFloatingActivity"
186-->[androidx.test:core:1.2.0-beta01] AndroidManifest.xml:42:13-103
187            android:theme="@android:style/Theme.Dialog" >
187-->[androidx.test:core:1.2.0-beta01] AndroidManifest.xml:43:13-56
188            <intent-filter>
188-->[androidx.fragment:fragment-testing:1.1.0-alpha07] AndroidManifest.xml:33:13-35:29
189                <action android:name="android.intent.action.MAIN" />
189-->src\main\AndroidManifest.xml:43:17-69
189-->src\main\AndroidManifest.xml:43:25-66
190            </intent-filter>
191        </activity> <!-- Needs to be explicitly declared on P+ -->
192        <uses-library
192-->[com.google.android.gms:play-services-maps:17.0.0] AndroidManifest.xml:33:9-35:40
193            android:name="org.apache.http.legacy"
193-->[com.google.android.gms:play-services-maps:17.0.0] AndroidManifest.xml:34:13-50
194            android:required="false" />
194-->[com.google.android.gms:play-services-maps:17.0.0] AndroidManifest.xml:35:13-37
195
196        <activity
196-->[com.google.firebase:firebase-auth:17.0.0] AndroidManifest.xml:24:9-31:50
197            android:name="com.google.firebase.auth.internal.FederatedSignInActivity"
197-->[com.google.firebase:firebase-auth:17.0.0] AndroidManifest.xml:25:13-85
198            android:excludeFromRecents="true"
198-->[com.google.firebase:firebase-auth:17.0.0] AndroidManifest.xml:26:13-46
199            android:exported="true"
199-->[com.google.firebase:firebase-auth:17.0.0] AndroidManifest.xml:27:13-36
200            android:launchMode="singleTask"
200-->[com.google.firebase:firebase-auth:17.0.0] AndroidManifest.xml:28:13-44
201            android:permission="com.google.firebase.auth.api.gms.permission.LAUNCH_FEDERATED_SIGN_IN"
201-->[com.google.firebase:firebase-auth:17.0.0] AndroidManifest.xml:29:13-102
202            android:theme="@android:style/Theme.Translucent.NoTitleBar" />
202-->[com.google.firebase:firebase-auth:17.0.0] AndroidManifest.xml:30:13-72
203
204        <service
204-->[com.google.firebase:firebase-auth:17.0.0] AndroidManifest.xml:33:9-39:19
205            android:name="com.google.firebase.components.ComponentDiscoveryService"
205-->[com.google.firebase:firebase-auth:17.0.0] AndroidManifest.xml:34:13-84
206            android:exported="false" >
206-->[com.google.firebase:firebase-auth:17.0.0] AndroidManifest.xml:35:13-37
207            <meta-data
207-->[com.google.firebase:firebase-auth:17.0.0] AndroidManifest.xml:36:13-38:85
208                android:name="com.google.firebase.components:com.google.firebase.auth.FirebaseAuthRegistrar"
208-->[com.google.firebase:firebase-auth:17.0.0] AndroidManifest.xml:37:17-109
209                android:value="com.google.firebase.components.ComponentRegistrar" />
209-->[com.google.firebase:firebase-auth:17.0.0] AndroidManifest.xml:38:17-82
210        </service>
211
212        <activity
212-->[com.google.android.gms:play-services-auth:16.0.1] AndroidManifest.xml:23:9-27:75
213            android:name="com.google.android.gms.auth.api.signin.internal.SignInHubActivity"
213-->[com.google.android.gms:play-services-auth:16.0.1] AndroidManifest.xml:24:13-93
214            android:excludeFromRecents="true"
214-->[com.google.android.gms:play-services-auth:16.0.1] AndroidManifest.xml:25:13-46
215            android:exported="false"
215-->[com.google.android.gms:play-services-auth:16.0.1] AndroidManifest.xml:26:13-37
216            android:theme="@android:style/Theme.Translucent.NoTitleBar" />
216-->[com.google.android.gms:play-services-auth:16.0.1] AndroidManifest.xml:27:13-72
217        <!--
218            Service handling Google Sign-In user revocation. For apps that do not integrate with
219            Google Sign-In, this service will never be started.
220        -->
221        <service
221-->[com.google.android.gms:play-services-auth:16.0.1] AndroidManifest.xml:33:9-36:110
222            android:name="com.google.android.gms.auth.api.signin.RevocationBoundService"
222-->[com.google.android.gms:play-services-auth:16.0.1] AndroidManifest.xml:34:13-89
223            android:exported="true"
223-->[com.google.android.gms:play-services-auth:16.0.1] AndroidManifest.xml:35:13-36
224            android:permission="com.google.android.gms.auth.api.signin.permission.REVOCATION_NOTIFICATION" />
224-->[com.google.android.gms:play-services-auth:16.0.1] AndroidManifest.xml:36:13-107
225
226        <activity
226-->[com.google.android.gms:play-services-base:17.0.0] AndroidManifest.xml:23:9-26:75
227            android:name="com.google.android.gms.common.api.GoogleApiActivity"
227-->[com.google.android.gms:play-services-base:17.0.0] AndroidManifest.xml:24:13-79
228            android:exported="false"
228-->[com.google.android.gms:play-services-base:17.0.0] AndroidManifest.xml:25:13-37
229            android:theme="@android:style/Theme.Translucent.NoTitleBar" />
229-->[com.google.android.gms:play-services-base:17.0.0] AndroidManifest.xml:26:13-72
230
231        <provider
231-->[com.google.firebase:firebase-common:17.0.0] AndroidManifest.xml:12:9-16:39
232            android:name="com.google.firebase.provider.FirebaseInitProvider"
232-->[com.google.firebase:firebase-common:17.0.0] AndroidManifest.xml:13:13-77
233            android:authorities="com.udacity.project4.firebaseinitprovider"
233-->[com.google.firebase:firebase-common:17.0.0] AndroidManifest.xml:14:13-72
234            android:exported="false"
234-->[com.google.firebase:firebase-common:17.0.0] AndroidManifest.xml:15:13-37
235            android:initOrder="100" />
235-->[com.google.firebase:firebase-common:17.0.0] AndroidManifest.xml:16:13-36
236        <provider
236-->[androidx.lifecycle:lifecycle-process:2.2.0] AndroidManifest.xml:25:9-29:43
237            android:name="androidx.lifecycle.ProcessLifecycleOwnerInitializer"
237-->[androidx.lifecycle:lifecycle-process:2.2.0] AndroidManifest.xml:26:13-79
238            android:authorities="com.udacity.project4.lifecycle-process"
238-->[androidx.lifecycle:lifecycle-process:2.2.0] AndroidManifest.xml:27:13-69
239            android:exported="false"
239-->[androidx.lifecycle:lifecycle-process:2.2.0] AndroidManifest.xml:28:13-37
240            android:multiprocess="true" />
240-->[androidx.lifecycle:lifecycle-process:2.2.0] AndroidManifest.xml:29:13-40
241
242        <service
242-->[androidx.room:room-runtime:2.2.5] AndroidManifest.xml:25:9-28:40
243            android:name="androidx.room.MultiInstanceInvalidationService"
243-->[androidx.room:room-runtime:2.2.5] AndroidManifest.xml:26:13-74
244            android:directBootAware="true"
244-->[androidx.room:room-runtime:2.2.5] AndroidManifest.xml:27:13-43
245            android:exported="false" />
245-->[androidx.room:room-runtime:2.2.5] AndroidManifest.xml:28:13-37
246    </application>
247
248</manifest>